Лог копирования
X:\ZBaseMdbStrukturaInFile\1z.qwe-->Y:\ZBaseMdbStrukturaInFile\1z.qwe.ok
X:\ZBaseMdbStrukturaInFile\Form1-->Y:\ZBaseMdbStrukturaInFile\Form1.ok
X:\ZBaseMdbStrukturaInFile\Knigi1.mdb-->Y:\ZBaseMdbStrukturaInFile\Knigi1.mdb.ok
X:\ZBaseMdbStrukturaInFile\Unit1.dcu-->Y:\ZBaseMdbStrukturaInFile\Unit1.dcu.ok
X:\ZBaseMdbStrukturaInFile\Unit1.ddp-->Y:\ZBaseMdbStrukturaInFile\Unit1.ddp.ok
X:\ZBaseMdbStrukturaInFile\Unit1.dfm-->Y:\ZBaseMdbStrukturaInFile\Unit1.dfm.ok
X:\ZBaseMdbStrukturaInFile\Unit1.pas-->Y:\ZBaseMdbStrukturaInFile\Unit1.pas.ok
X:\ZBaseMdbStrukturaInFile\Unit1.~ddp-->Y:\ZBaseMdbStrukturaInFile\Unit1.~ddp.ok
X:\ZBaseMdbStrukturaInFile\Unit1.~dfm-->Y:\ZBaseMdbStrukturaInFile\Unit1.~dfm.ok
X:\ZBaseMdbStrukturaInFile\Unit1.~pas-->Y:\ZBaseMdbStrukturaInFile\Unit1.~pas.ok
X:\ZBaseMdbStrukturaInFile\zaptot.bat-->Y:\ZBaseMdbStrukturaInFile\zaptot.bat.ok
X:\ZBaseMdbStrukturaInFile\ZapTotal.cfg-->Y:\ZBaseMdbStrukturaInFile\ZapTotal.cfg.ok
X:\ZBaseMdbStrukturaInFile\ZapTotal.dof-->Y:\ZBaseMdbStrukturaInFile\ZapTotal.dof.ok
X:\ZBaseMdbStrukturaInFile\ZapTotal.exe-->Y:\ZBaseMdbStrukturaInFile\ZapTotal.exe.ok
X:\ZBaseMdbStrukturaInFile\ZapTotal.res-->Y:\ZBaseMdbStrukturaInFile\ZapTotal.res.ok
X:\ZBaseMdbStrukturaInFile\ZBaseMdbStruktura.cfg-->Y:\ZBaseMdbStrukturaInFile\ZBaseMdbStruktura.cfg.ok
X:\ZBaseMdbStrukturaInFile\ZBaseMdbStruktura.dof-->Y:\ZBaseMdbStrukturaInFile\ZBaseMdbStruktura.dof.ok
X:\ZBaseMdbStrukturaInFile\ZBaseMdbStruktura.exe-->Y:\ZBaseMdbStrukturaInFile\ZBaseMdbStruktura.exe.ok
X:\ZBaseMdbStrukturaInFile\ZBaseMdbStruktura.ico-->Y:\ZBaseMdbStrukturaInFile\ZBaseMdbStruktura.ico.ok
X:\ZBaseMdbStrukturaInFile\ZBaseMdbStruktura.res-->Y:\ZBaseMdbStrukturaInFile\ZBaseMdbStruktura.res.ok
X:\ZBaseMdbStrukturaInFile\ZBaseMdbStruktura.~dpr-->Y:\ZBaseMdbStrukturaInFile\ZBaseMdbStruktura.~dpr.ok
X:\ZBaseMdbStrukturaInFile\ZBaseMdbStrukturainFile.cfg-->Y:\ZBaseMdbStrukturaInFile\ZBaseMdbStrukturainFile.cfg.ok
X:\ZBaseMdbStrukturaInFile\ZBaseMdbStrukturainFile.dof-->Y:\ZBaseMdbStrukturaInFile\ZBaseMdbStrukturainFile.dof.ok
X:\ZBaseMdbStrukturaInFile\ZBaseMdbStrukturainFile.dpr-->Y:\ZBaseMdbStrukturaInFile\ZBaseMdbStrukturainFile.dpr.ok
X:\ZBaseMdbStrukturaInFile\ZBaseMdbStrukturainFile.exe-->Y:\ZBaseMdbStrukturaInFile\ZBaseMdbStrukturainFile.exe.ok
X:\ZBaseMdbStrukturaInFile\ZBaseMdbStrukturainFile.res-->Y:\ZBaseMdbStrukturaInFile\ZBaseMdbStrukturainFile.res.ok
X:\ZBaseMdbStrukturaInFile\zosdqweitog.cfg-->Y:\ZBaseMdbStrukturaInFile\zosdqweitog.cfg.ok
X:\ZBaseMdbStrukturaInFile\zosdqweitog.dof-->Y:\ZBaseMdbStrukturaInFile\zosdqweitog.dof.ok
X:\ZBaseMdbStrukturaInFile\zosdqweitog.exe-->Y:\ZBaseMdbStrukturaInFile\zosdqweitog.exe.ok
X:\ZBaseMdbStrukturaInFile\zosdqweitog.res-->Y:\ZBaseMdbStrukturaInFile\zosdqweitog.res.ok
X:\ZBaseMdbStrukturaInFile\Книги1.mdb-->Y:\ZBaseMdbStrukturaInFile\Книги1.mdb.ok
