  main.c
c:\users\maksi\downloads\ntfsreader\main.c(94): warning C4133: =: несовместимые типы - из "BYTE *" в "ATTR_RECORD *"
c:\users\maksi\downloads\ntfsreader\main.c(110): warning C4133: =: несовместимые типы - из "DWORD *" в "BYTE *"
c:\users\maksi\downloads\ntfsreader\main.c(50): warning C4133: инициализация: несовместимые типы - из "WCHAR *" в "NTFS_BOOT_SECTOR *"
c:\users\maksi\downloads\ntfsreader\main.c(89): warning C4133: инициализация: несовместимые типы - из "BYTE *" в "MFT_RECORD_HEADER *"
c:\users\maksi\downloads\ntfsreader\main.c(90): warning C4133: инициализация: несовместимые типы - из "MFT_RECORD_HEADER *" в "BYTE *"
c:\users\maksi\downloads\ntfsreader\main.c(92): warning C4133: инициализация: несовместимые типы - из "BYTE *" в "ATTR_RECORD *"
c:\users\maksi\downloads\ntfsreader\main.c(105): warning C4133: инициализация: несовместимые типы - из "DWORD *" в "BYTE *"
c:\users\maksi\downloads\ntfsreader\main.c(179): warning C4133: return: несовместимые типы - из "BYTE *" в "MFT_RECORD_HEADER *"
c:\users\maksi\downloads\ntfsreader\main.c(145): warning C4133: инициализация: несовместимые типы - из "MFT_REF *" в "DWORD *"
c:\users\maksi\downloads\ntfsreader\main.c(288): warning C4133: =: несовместимые типы - из "BYTE *" в "ATTR_RECORD *"
c:\users\maksi\downloads\ntfsreader\main.c(294): warning C4133: =: несовместимые типы - из "ATTR_RECORD *" в "BYTE *"
c:\users\maksi\downloads\ntfsreader\main.c(296): warning C4133: return: несовместимые типы - из "BYTE *" в "FILE_NAME_ATTR *"
c:\users\maksi\downloads\ntfsreader\main.c(283): warning C4133: инициализация: несовместимые типы - из "MFT_RECORD_HEADER *" в "BYTE *"
c:\users\maksi\downloads\ntfsreader\main.c(285): warning C4133: инициализация: несовместимые типы - из "BYTE *" в "ATTR_RECORD *"
c:\users\maksi\downloads\ntfsreader\main.c(318): warning C4133: =: несовместимые типы - из "INDEX_HEADER *" в "BYTE *"
c:\users\maksi\downloads\ntfsreader\main.c(321): warning C4133: =: несовместимые типы - из "BYTE *" в "INDEX_ENTRY_HEADER_DIR *"
c:\users\maksi\downloads\ntfsreader\main.c(326): warning C4133: =: несовместимые типы - из "BYTE *" в "DWORD *"
c:\users\maksi\downloads\ntfsreader\main.c(334): warning C4133: функция: несовместимые типы - из "BYTE *" в "MFT_RECORD_HEADER *"
c:\users\maksi\downloads\ntfsreader\main.c(309): warning C4133: инициализация: несовместимые типы - из "BYTE *" в "INDEX_ALLOCATION *"
c:\users\maksi\downloads\ntfsreader\main.c(359): warning C4133: =: несовместимые типы - из "BYTE *" в "INDEX_ENTRY_HEADER_DIR *"
c:\users\maksi\downloads\ntfsreader\main.c(361): warning C4133: =: несовместимые типы - из "BYTE *" в "DWORD *"
c:\users\maksi\downloads\ntfsreader\main.c(368): warning C4133: функция: несовместимые типы - из "BYTE *" в "MFT_RECORD_HEADER *"
c:\users\maksi\downloads\ntfsreader\main.c(352): warning C4133: инициализация: несовместимые типы - из "INDEX_HEADER *" в "BYTE *"
c:\users\maksi\downloads\ntfsreader\main.c(398): warning C4133: =: несовместимые типы - из "DWORD *" в "BYTE *"
c:\users\maksi\downloads\ntfsreader\main.c(401): warning C4133: =: несовместимые типы - из "DWORD *" в "BYTE *"
c:\users\maksi\downloads\ntfsreader\main.c(389): warning C4133: инициализация: несовместимые типы - из "DWORD *" в "BYTE *"
c:\users\maksi\downloads\ntfsreader\main.c(389): warning C4133: инициализация: несовместимые типы - из "ATTR_RECORD *" в "BYTE *"
c:\users\maksi\downloads\ntfsreader\main.c(444): warning C4133: =: несовместимые типы - из "BYTE *" в "ATTR_RECORD *"
c:\users\maksi\downloads\ntfsreader\main.c(448): warning C4133: =: несовместимые типы - из "ATTR_RECORD *" в "ATTRIBUTE_LIST_HEADER *"
c:\users\maksi\downloads\ntfsreader\main.c(449): warning C4133: =: несовместимые типы - из "BYTE *" в "INDEX_ROOT *"
c:\users\maksi\downloads\ntfsreader\main.c(457): warning C4133: =: несовместимые типы - из "ATTR_RECORD *" в "BYTE *"
c:\users\maksi\downloads\ntfsreader\main.c(458): warning C4133: =: несовместимые типы - из "ATTR_RECORD *" в "BYTE *"
c:\users\maksi\downloads\ntfsreader\main.c(432): warning C4133: инициализация: несовместимые типы - из "BYTE *" в "MFT_RECORD_HEADER *"
     Создается библиотека C:\Users\maksi\Downloads\ntfsreader\Release\ntfs.lib и объект C:\Users\maksi\Downloads\ntfsreader\Release\ntfs.exp
  Создание кода
  Создание кода завершено
  ntfsreader.vcxproj -> C:\Users\maksi\Downloads\ntfsreader\Release\ntfs.dll
